Arguments: 
  C:\Program Files\nodejs\node.exe C:\Users\linju\AppData\Roaming\npm\node_modules\yarn\bin\yarn.js install

PATH: 
  C:\Program Files\Common Files\Oracle\Java\javapath;C:\Python310\Scripts\;C:\Python310\;C:\WINDOWS\system32;C:\WINDOWS;C:\WINDOWS\System32\Wbem;C:\WINDOWS\System32\WindowsPowerShell\v1.0\;C:\WINDOWS\System32\OpenSSH\;C:\Program Files (x86)\STMicroelectronics\STM32 ST-LINK Utility\ST-LINK Utility;C:\Program Files\dotnet\;C:\Program Files\Git\cmd;C:\Program Files\Microsoft SQL Server\130\Tools\Binn\;C:\Program Files\Microsoft SQL Server\Client SDK\ODBC\170\Tools\Binn\;C:\Program Files\nodejs\;C:\ProgramData\chocolatey\bin;;C:\Program Files\Docker\Docker\resources\bin;C:\ProgramData\DockerDesktop\version-bin;C:\Program Files (x86)\dotnet\;C:\Program Files\MySQL\MySQL Shell 8.0\bin\;C:\Users\linju\AppData\Local\Microsoft\WindowsApps;C:\Users\linju\.dotnet\tools;C:\dev\libs\SFML\bin;C:\Users\linju\AppData\Roaming\npm;C:\Users\linju\ikt104\Microsoft VS Code\bin;

Yarn version: 
  1.22.18

Node version: 
  16.13.1

Platform: 
  win32 x64

Trace: 
  SyntaxError: C:\Users\linju\ikt205\VistaCovid\package.json: Unexpected token < in JSON at position 452
      at JSON.parse (<anonymous>)
      at C:\Users\linju\AppData\Roaming\npm\node_modules\yarn\lib\cli.js:1625:59
      at Generator.next (<anonymous>)
      at step (C:\Users\linju\AppData\Roaming\npm\node_modules\yarn\lib\cli.js:310:30)
      at C:\Users\linju\AppData\Roaming\npm\node_modules\yarn\lib\cli.js:321:13

npm manifest: 
  {
    "name": "vistacovid",
    "version": "1.0.0",
    "main": "node_modules/expo/AppEntry.js",
    "scripts": {
      "start": "expo start",
      "android": "expo start --android",
      "ios": "expo start --ios",
      "web": "expo start --web",
      "eject": "expo eject",
      "test": "jest"
    },
    
    "dependencies": {
      "@react-navigation/material-top-tabs": "^6.2.1",
      "@react-navigation/native": "^6.0.10",
      "@react-navigation/native-stack": "^6.6.1",
  <<<<<<< HEAD
      "expo": "^44.0.6",
  =======
      "expo": "~44.0.0",
      "expo-cli": "^5.3.1",
  >>>>>>> dev
      "expo-status-bar": "~1.2.0",
      "firebase": "^9.6.10",
      "react": "17.0.1",
      "react-dom": "17.0.1",
      "react-native": "^0.64.3",
      "react-native-chart-kit": "^6.12.0",
      "react-native-pager-view": "5.4.9",
      "react-native-safe-area-context": "3.3.2",
      "react-native-screens": "~3.10.1",
      "react-native-svg": "12.1.1",
      "react-native-tab-view": "^3.1.1",
      "react-native-vector-icons": "^9.1.0",
      "react-native-web": "0.17.1",
      "react-navigation": "^4.4.4"
    },
    "devDependencies": {
      "@babel/core": "^7.12.9",
      "@types/jest": "^27.4.1",
      "@types/react": "~17.0.21",
      "@types/react-native": "~0.64.12",
      "@types/react-native-vector-icons": "^6.4.10",
      "jest": "^27.5.1",
      "ts-jest": "^27.1.4",
      "typescript": "~4.3.5"
    },
    "private": true
  }

yarn manifest: 
  No manifest

Lockfile: 
  No lockfile
